   1               		.file	"main.c"
   2               	__SREG__ = 0x3f
   3               	__SP_H__ = 0x3e
   4               	__SP_L__ = 0x3d
   5               	__CCP__  = 0x34
   6               	__tmp_reg__ = 0
   7               	__zero_reg__ = 1
  15               	.Ltext0:
  16               	.global	main
  18               	main:
  19               	.LFB6:
  20               	.LM1:
  21 0000 2F92      		push r2
  22 0002 3F92      		push r3
  23 0004 4F92      		push r4
  24 0006 5F92      		push r5
  25 0008 6F92      		push r6
  26 000a 7F92      		push r7
  27 000c 8F92      		push r8
  28 000e 9F92      		push r9
  29 0010 AF92      		push r10
  30 0012 BF92      		push r11
  31 0014 CF92      		push r12
  32 0016 DF92      		push r13
  33 0018 EF92      		push r14
  34 001a FF92      		push r15
  35 001c 0F93      		push r16
  36 001e 1F93      		push r17
  37 0020 DF93      		push r29
  38 0022 CF93      		push r28
  39 0024 CDB7      		in r28,__SP_L__
  40 0026 DEB7      		in r29,__SP_H__
  41 0028 A097      		sbiw r28,32
  42 002a 0FB6      		in __tmp_reg__,__SREG__
  43 002c F894      		cli
  44 002e DEBF      		out __SP_H__,r29
  45 0030 0FBE      		out __SREG__,__tmp_reg__
  46 0032 CDBF      		out __SP_L__,r28
  47               	/* prologue: function */
  48               	/* frame size = 32 */
  49               	.LM2:
  50 0034 8FEF      		ldi r24,lo8(-1)
  51 0036 81BB      		out 49-32,r24
  52               	.LM3:
  53 0038 8FE0      		ldi r24,lo8(15)
  54 003a 87BB      		out 55-32,r24
  55               	.LM4:
  56 003c DE01      		movw r26,r28
  57 003e 1196      		adiw r26,1
  58 0040 E0E0      		ldi r30,lo8(C.0.1295)
  59 0042 F0E0      		ldi r31,hi8(C.0.1295)
  60 0044 80E2      		ldi r24,lo8(32)
  61               	.L2:
  62 0046 0190      		ld r0,Z+
  63 0048 0D92      		st X+,r0
  64 004a 8150      		subi r24,lo8(-(-1))
  65 004c 01F4      		brne .L2
  66 004e 20E0      		ldi r18,lo8(0)
  67 0050 30E0      		ldi r19,hi8(0)
  68               	.LVL0:
  69               	.LM5:
  70 0052 9DE0      		ldi r25,lo8(13)
  71 0054 592E      		mov r5,r25
  72               	.LBB410:
  73               	.LBB411:
  74               	.LBB412:
  75               	.LBB413:
  76               	.LM6:
  77 0056 4CE2      		ldi r20,lo8(300)
  78 0058 51E0      		ldi r21,hi8(300)
  79               	.LBE413:
  80               	.LBE412:
  81               	.LBE411:
  82               	.LBE410:
  83               	.LM7:
  84 005a 82E2      		ldi r24,lo8(34)
  85 005c B82E      		mov r11,r24
  86               	.LM8:
  87 005e 0CE1      		ldi r16,lo8(28)
  88 0060 E02E      		mov r14,r16
  89               	.LM9:
  90 0062 12E2      		ldi r17,lo8(34)
  91 0064 D12E      		mov r13,r17
  92               	.LM10:
  93 0066 BBE2      		ldi r27,lo8(43)
  94 0068 6B2E      		mov r6,r27
  95 006a 712C      		mov r7,__zero_reg__
  96 006c 6C0E      		add r6,r28
  97 006e 7D1E      		adc r7,r29
  98               	.LM11:
  99 0070 ADE0      		ldi r26,lo8(13)
 100 0072 CA2E      		mov r12,r26
 101               	.LM12:
 102 0074 FCE0      		ldi r31,lo8(12)
 103 0076 4F2E      		mov r4,r31
 104               	.LM13:
 105 0078 EAE0      		ldi r30,lo8(10)
 106 007a 3E2E      		mov r3,r30
 107               	.LM14:
 108 007c 76E0      		ldi r23,lo8(6)
 109 007e 272E      		mov r2,r23
 110               	.LM15:
 111 0080 0CE0      		ldi r16,lo8(12)
 112               	.LM16:
 113 0082 1AE0      		ldi r17,lo8(10)
 114               	.LM17:
 115 0084 66E0      		ldi r22,lo8(6)
 116 0086 F62E      		mov r15,r22
 117 0088 00C0      		rjmp .L68
 118               	.LVL1:
 119               	.L8:
 120               	.LM18:
 121 008a 8FEF      		ldi r24,lo8(-1)
 122               	.LVL2:
 123 008c 82BB      		out 50-32,r24
 124               	.LM19:
 125 008e 58BA      		out 56-32,r5
 126 0090 88EE      		ldi r24,lo8(1000)
 127 0092 93E0      		ldi r25,hi8(1000)
 128               	.LVL3:
 129               	.L4:
 130               	.LBB417:
 131               	.LBB416:
 132               	.LBB415:
 133               	.LBB414:
 134               	.LM20:
 135 0094 FA01      		movw r30,r20
 136               	.LVL4:
 137               	/* #APP */
 138               	 ;  105 "c:/winavr-20100110/lib/gcc/../../avr/include/util/delay_basic.h" 1
 139 0096 3197      		1: sbiw r30,1
 140 0098 01F4      		brne 1b
 141               	 ;  0 "" 2
 142               	/* #NOAPP */
 143               	.LBE414:
 144               	.LBE415:
 145               	.LM21:
 146 009a 0197      		sbiw r24,1
 147               	.LM22:
 148 009c 01F4      		brne .L4
 149               	.LBE416:
 150               	.LBE417:
 151               	.LM23:
 152 009e 8BE0      		ldi r24,lo8(11)
 153               	.LVL5:
 154 00a0 88BB      		out 56-32,r24
 155 00a2 88EE      		ldi r24,lo8(1000)
 156 00a4 93E0      		ldi r25,hi8(1000)
 157               	.LVL6:
 158               	.L5:
 159               	.LBB418:
 160               	.LBB419:
 161               	.LBB420:
 162               	.LBB421:
 163               	.LM24:
 164 00a6 FA01      		movw r30,r20
 165               	.LVL7:
 166               	/* #APP */
 167               	 ;  105 "c:/winavr-20100110/lib/gcc/../../avr/include/util/delay_basic.h" 1
 168 00a8 3197      		1: sbiw r30,1
 169 00aa 01F4      		brne 1b
 170               	 ;  0 "" 2
 171               	/* #NOAPP */
 172               	.LBE421:
 173               	.LBE420:
 174               	.LM25:
 175 00ac 0197      		sbiw r24,1
 176               	.LM26:
 177 00ae 01F4      		brne .L5
 178               	.LBE419:
 179               	.LBE418:
 180               	.LM27:
 181 00b0 87E0      		ldi r24,lo8(7)
 182               	.LVL8:
 183 00b2 88BB      		out 56-32,r24
 184 00b4 88EE      		ldi r24,lo8(1000)
 185 00b6 93E0      		ldi r25,hi8(1000)
 186               	.LVL9:
 187               	.L6:
 188               	.LBB422:
 189               	.LBB423:
 190               	.LBB424:
 191               	.LBB425:
 192               	.LM28:
 193 00b8 FA01      		movw r30,r20
 194               	.LVL10:
 195               	/* #APP */
 196               	 ;  105 "c:/winavr-20100110/lib/gcc/../../avr/include/util/delay_basic.h" 1
 197 00ba 3197      		1: sbiw r30,1
 198 00bc 01F4      		brne 1b
 199               	 ;  0 "" 2
 200               	/* #NOAPP */
 201               	.LBE425:
 202               	.LBE424:
 203               	.LM29:
 204 00be 0197      		sbiw r24,1
 205               	.LM30:
 206 00c0 01F4      		brne .L6
 207               	.LBE423:
 208               	.LBE422:
 209               	.LM31:
 210 00c2 8BE0      		ldi r24,lo8(11)
 211               	.LVL11:
 212 00c4 88BB      		out 56-32,r24
 213 00c6 88EE      		ldi r24,lo8(1000)
 214 00c8 93E0      		ldi r25,hi8(1000)
 215               	.LVL12:
 216               	.L7:
 217               	.LBB426:
 218               	.LBB427:
 219               	.LBB428:
 220               	.LBB429:
 221               	.LM32:
 222 00ca FA01      		movw r30,r20
 223               	.LVL13:
 224               	/* #APP */
 225               	 ;  105 "c:/winavr-20100110/lib/gcc/../../avr/include/util/delay_basic.h" 1
 226 00cc 3197      		1: sbiw r30,1
 227 00ce 01F4      		brne 1b
 228               	 ;  0 "" 2
 229               	/* #NOAPP */
 230               	.LBE429:
 231               	.LBE428:
 232               	.LM33:
 233 00d0 0197      		sbiw r24,1
 234               	.LM34:
 235 00d2 01F4      		brne .L7
 236               	.LBE427:
 237               	.LBE426:
 238               	.LM35:
 239 00d4 2F5F      		subi r18,lo8(-(1))
 240 00d6 3F4F      		sbci r19,hi8(-(1))
 241               	.LVL14:
 242               	.L68:
 243 00d8 2B30      		cpi r18,11
 244 00da 3105      		cpc r19,__zero_reg__
 245 00dc 04F0      		brlt .L8
 246 00de 20E0      		ldi r18,lo8(0)
 247 00e0 30E0      		ldi r19,hi8(0)
 248               	.LVL15:
 249               	.LM36:
 250 00e2 61E0      		ldi r22,lo8(1)
 251               	.LVL16:
 252               	.LM37:
 253 00e4 71EC      		ldi r23,lo8(-63)
 254               	.LVL17:
 255               	.L13:
 256               	.LM38:
 257 00e6 18BA      		out 56-32,__zero_reg__
 258               	.LM39:
 259 00e8 8CE1      		ldi r24,lo8(28)
 260               	.LVL18:
 261 00ea 82BB      		out 50-32,r24
 262 00ec 88EE      		ldi r24,lo8(1000)
 263 00ee 93E0      		ldi r25,hi8(1000)
 264               	.LVL19:
 265               	.L9:
 266               	.LBB430:
 267               	.LBB431:
 268               	.LBB432:
 269               	.LBB433:
 270               	.LM40:
 271 00f0 FA01      		movw r30,r20
 272               	.LVL20:
 273               	/* #APP */
 274               	 ;  105 "c:/winavr-20100110/lib/gcc/../../avr/include/util/delay_basic.h" 1
 275 00f2 3197      		1: sbiw r30,1
 276 00f4 01F4      		brne 1b
 277               	 ;  0 "" 2
 278               	/* #NOAPP */
 279               	.LBE433:
 280               	.LBE432:
 281               	.LM41:
 282 00f6 0197      		sbiw r24,1
 283               	.LM42:
 284 00f8 01F4      		brne .L9
 285               	.LBE431:
 286               	.LBE430:
 287               	.LM43:
 288 00fa 68BB      		out 56-32,r22
 289               	.LM44:
 290 00fc B2BA      		out 50-32,r11
 291 00fe 88EE      		ldi r24,lo8(1000)
 292 0100 93E0      		ldi r25,hi8(1000)
 293               	.LVL21:
 294               	.L10:
 295               	.LBB434:
 296               	.LBB435:
 297               	.LBB436:
 298               	.LBB437:
 299               	.LM45:
 300 0102 FA01      		movw r30,r20
 301               	.LVL22:
 302               	/* #APP */
 303               	 ;  105 "c:/winavr-20100110/lib/gcc/../../avr/include/util/delay_basic.h" 1
 304 0104 3197      		1: sbiw r30,1
 305 0106 01F4      		brne 1b
 306               	 ;  0 "" 2
 307               	/* #NOAPP */
 308               	.LBE437:
 309               	.LBE436:
 310               	.LM46:
 311 0108 0197      		sbiw r24,1
 312               	.LM47:
 313 010a 01F4      		brne .L10
 314               	.LBE435:
 315               	.LBE434:
 316               	.LM48:
 317 010c 18BA      		out 56-32,__zero_reg__
 318               	.LM49:
 319 010e 72BB      		out 50-32,r23
 320 0110 88EE      		ldi r24,lo8(1000)
 321 0112 93E0      		ldi r25,hi8(1000)
 322               	.LVL23:
 323               	.L11:
 324               	.LBB438:
 325               	.LBB439:
 326               	.LBB440:
 327               	.LBB441:
 328               	.LM50:
 329 0114 FA01      		movw r30,r20
 330               	.LVL24:
 331               	/* #APP */
 332               	 ;  105 "c:/winavr-20100110/lib/gcc/../../avr/include/util/delay_basic.h" 1
 333 0116 3197      		1: sbiw r30,1
 334 0118 01F4      		brne 1b
 335               	 ;  0 "" 2
 336               	/* #NOAPP */
 337               	.LBE441:
 338               	.LBE440:
 339               	.LM51:
 340 011a 0197      		sbiw r24,1
 341               	.LM52:
 342 011c 01F4      		brne .L11
 343               	.LBE439:
 344               	.LBE438:
 345               	.LM53:
 346 011e 68BB      		out 56-32,r22
 347               	.LM54:
 348 0120 B2BA      		out 50-32,r11
 349 0122 88EE      		ldi r24,lo8(1000)
 350 0124 93E0      		ldi r25,hi8(1000)
 351               	.LVL25:
 352               	.L12:
 353               	.LBB442:
 354               	.LBB443:
 355               	.LBB444:
 356               	.LBB445:
 357               	.LM55:
 358 0126 FA01      		movw r30,r20
 359               	.LVL26:
 360               	/* #APP */
 361               	 ;  105 "c:/winavr-20100110/lib/gcc/../../avr/include/util/delay_basic.h" 1
 362 0128 3197      		1: sbiw r30,1
 363 012a 01F4      		brne 1b
 364               	 ;  0 "" 2
 365               	/* #NOAPP */
 366               	.LBE445:
 367               	.LBE444:
 368               	.LM56:
 369 012c 0197      		sbiw r24,1
 370               	.LM57:
 371 012e 01F4      		brne .L12
 372               	.LBE443:
 373               	.LBE442:
 374               	.LM58:
 375 0130 2F5F      		subi r18,lo8(-(1))
 376 0132 3F4F      		sbci r19,hi8(-(1))
 377 0134 2B30      		cpi r18,11
 378 0136 3105      		cpc r19,__zero_reg__
 379 0138 01F4      		brne .L13
 380 013a 20E0      		ldi r18,lo8(0)
 381 013c 30E0      		ldi r19,hi8(0)
 382               	.LVL27:
 383               	.LM59:
 384 013e B1E0      		ldi r27,lo8(1)
 385               	.LM60:
 386 0140 A1E1      		ldi r26,lo8(17)
 387               	.LM61:
 388 0142 74E4      		ldi r23,lo8(68)
 389               	.LM62:
 390 0144 68E8      		ldi r22,lo8(-120)
 391               	.LVL28:
 392               	.L18:
 393               	.LM63:
 394 0146 B8BB      		out 56-32,r27
 395               	.LM64:
 396 0148 A2BB      		out 50-32,r26
 397 014a 88EE      		ldi r24,lo8(1000)
 398 014c 93E0      		ldi r25,hi8(1000)
 399               	.LVL29:
 400               	.L14:
 401               	.LBB446:
 402               	.LBB447:
 403               	.LBB448:
 404               	.LBB449:
 405               	.LM65:
 406 014e FA01      		movw r30,r20
 407               	.LVL30:
 408               	/* #APP */
 409               	 ;  105 "c:/winavr-20100110/lib/gcc/../../avr/include/util/delay_basic.h" 1
 410 0150 3197      		1: sbiw r30,1
 411 0152 01F4      		brne 1b
 412               	 ;  0 "" 2
 413               	/* #NOAPP */
 414               	.LBE449:
 415               	.LBE448:
 416               	.LM66:
 417 0154 0197      		sbiw r24,1
 418               	.LM67:
 419 0156 01F4      		brne .L14
 420               	.LBE447:
 421               	.LBE446:
 422               	.LM68:
 423 0158 B2BA      		out 50-32,r11
 424 015a 88EE      		ldi r24,lo8(1000)
 425 015c 93E0      		ldi r25,hi8(1000)
 426               	.LVL31:
 427               	.L15:
 428               	.LBB450:
 429               	.LBB451:
 430               	.LBB452:
 431               	.LBB453:
 432               	.LM69:
 433 015e FA01      		movw r30,r20
 434               	.LVL32:
 435               	/* #APP */
 436               	 ;  105 "c:/winavr-20100110/lib/gcc/../../avr/include/util/delay_basic.h" 1
 437 0160 3197      		1: sbiw r30,1
 438 0162 01F4      		brne 1b
 439               	 ;  0 "" 2
 440               	/* #NOAPP */
 441               	.LBE453:
 442               	.LBE452:
 443               	.LM70:
 444 0164 0197      		sbiw r24,1
 445               	.LM71:
 446 0166 01F4      		brne .L15
 447               	.LBE451:
 448               	.LBE450:
 449               	.LM72:
 450 0168 72BB      		out 50-32,r23
 451 016a 88EE      		ldi r24,lo8(1000)
 452 016c 93E0      		ldi r25,hi8(1000)
 453               	.LVL33:
 454               	.L16:
 455               	.LBB454:
 456               	.LBB455:
 457               	.LBB456:
 458               	.LBB457:
 459               	.LM73:
 460 016e FA01      		movw r30,r20
 461               	.LVL34:
 462               	/* #APP */
 463               	 ;  105 "c:/winavr-20100110/lib/gcc/../../avr/include/util/delay_basic.h" 1
 464 0170 3197      		1: sbiw r30,1
 465 0172 01F4      		brne 1b
 466               	 ;  0 "" 2
 467               	/* #NOAPP */
 468               	.LBE457:
 469               	.LBE456:
 470               	.LM74:
 471 0174 0197      		sbiw r24,1
 472               	.LM75:
 473 0176 01F4      		brne .L16
 474               	.LBE455:
 475               	.LBE454:
 476               	.LM76:
 477 0178 62BB      		out 50-32,r22
 478 017a 88EE      		ldi r24,lo8(1000)
 479 017c 93E0      		ldi r25,hi8(1000)
 480               	.LVL35:
 481               	.L17:
 482               	.LBB458:
 483               	.LBB459:
 484               	.LBB460:
 485               	.LBB461:
 486               	.LM77:
 487 017e FA01      		movw r30,r20
 488               	.LVL36:
 489               	/* #APP */
 490               	 ;  105 "c:/winavr-20100110/lib/gcc/../../avr/include/util/delay_basic.h" 1
 491 0180 3197      		1: sbiw r30,1
 492 0182 01F4      		brne 1b
 493               	 ;  0 "" 2
 494               	/* #NOAPP */
 495               	.LBE461:
 496               	.LBE460:
 497               	.LM78:
 498 0184 0197      		sbiw r24,1
 499               	.LM79:
 500 0186 01F4      		brne .L17
 501               	.LBE459:
 502               	.LBE458:
 503               	.LM80:
 504 0188 2F5F      		subi r18,lo8(-(1))
 505 018a 3F4F      		sbci r19,hi8(-(1))
 506 018c 2730      		cpi r18,7
 507 018e 3105      		cpc r19,__zero_reg__
 508 0190 01F4      		brne .L18
 509 0192 DE01      		movw r26,r28
 510 0194 1196      		adiw r26,1
 511               	.LM81:
 512 0196 3BE0      		ldi r19,lo8(11)
 513               	.LM82:
 514 0198 27E0      		ldi r18,lo8(7)
 515               	.LVL37:
 516               	.L22:
 517               	.LM83:
 518 019a 8C91      		ld r24,X
 519               	.LVL38:
 520 019c 82BB      		out 50-32,r24
 521               	.LM84:
 522 019e 58BA      		out 56-32,r5
 523 01a0 8EEE      		ldi r24,lo8(750)
 524 01a2 92E0      		ldi r25,hi8(750)
 525               	.LVL39:
 526               	.L19:
 527               	.LBB462:
 528               	.LBB463:
 529               	.LBB464:
 530               	.LBB465:
 531               	.LM85:
 532 01a4 FA01      		movw r30,r20
 533               	.LVL40:
 534               	/* #APP */
 535               	 ;  105 "c:/winavr-20100110/lib/gcc/../../avr/include/util/delay_basic.h" 1
 536 01a6 3197      		1: sbiw r30,1
 537 01a8 01F4      		brne 1b
 538               	 ;  0 "" 2
 539               	/* #NOAPP */
 540               	.LBE465:
 541               	.LBE464:
 542               	.LM86:
 543 01aa 0197      		sbiw r24,1
 544               	.LM87:
 545 01ac 01F4      		brne .L19
 546               	.LBE463:
 547               	.LBE462:
 548               	.LM88:
 549 01ae 38BB      		out 56-32,r19
 550 01b0 8EEE      		ldi r24,lo8(750)
 551 01b2 92E0      		ldi r25,hi8(750)
 552               	.LVL41:
 553               	.L20:
 554               	.LBB466:
 555               	.LBB467:
 556               	.LBB468:
 557               	.LBB469:
 558               	.LM89:
 559 01b4 FA01      		movw r30,r20
 560               	.LVL42:
 561               	/* #APP */
 562               	 ;  105 "c:/winavr-20100110/lib/gcc/../../avr/include/util/delay_basic.h" 1
 563 01b6 3197      		1: sbiw r30,1
 564 01b8 01F4      		brne 1b
 565               	 ;  0 "" 2
 566               	/* #NOAPP */
 567               	.LBE469:
 568               	.LBE468:
 569               	.LM90:
 570 01ba 0197      		sbiw r24,1
 571               	.LM91:
 572 01bc 01F4      		brne .L20
 573               	.LBE467:
 574               	.LBE466:
 575               	.LM92:
 576 01be 28BB      		out 56-32,r18
 577 01c0 8EEE      		ldi r24,lo8(750)
 578 01c2 92E0      		ldi r25,hi8(750)
 579               	.LVL43:
 580               	.L21:
 581               	.LBB470:
 582               	.LBB471:
 583               	.LBB472:
 584               	.LBB473:
 585               	.LM93:
 586 01c4 FA01      		movw r30,r20
 587               	.LVL44:
 588               	/* #APP */
 589               	 ;  105 "c:/winavr-20100110/lib/gcc/../../avr/include/util/delay_basic.h" 1
 590 01c6 3197      		1: sbiw r30,1
 591 01c8 01F4      		brne 1b
 592               	 ;  0 "" 2
 593               	/* #NOAPP */
 594               	.LBE473:
 595               	.LBE472:
 596               	.LM94:
 597 01ca 0197      		sbiw r24,1
 598               	.LM95:
 599 01cc 01F4      		brne .L21
 600 01ce 1296      		adiw r26,2
 601               	.LBE471:
 602               	.LBE470:
 603               	.LM96:
 604 01d0 A615      		cp r26,r6
 605 01d2 B705      		cpc r27,r7
 606 01d4 01F4      		brne .L22
 607 01d6 20E0      		ldi r18,lo8(0)
 608 01d8 30E0      		ldi r19,hi8(0)
 609               	.LVL45:
 610               	.LM97:
 611 01da 6FEF      		ldi r22,lo8(-1)
 612               	.LM98:
 613 01dc 75E5      		ldi r23,lo8(85)
 614               	.L23:
 615               	.LM99:
 616 01de 62BB      		out 50-32,r22
 617               	.LM100:
 618 01e0 48BA      		out 56-32,r4
 619               	.LBB474:
 620               	.LBB475:
 621               	.LBB476:
 622               	.LBB477:
 623               	.LBB478:
 624               	.LBB479:
 625               	.LM101:
 626 01e2 CA01      		movw r24,r20
 627               	.LVL46:
 628               	/* #APP */
 629               	 ;  105 "c:/winavr-20100110/lib/gcc/../../avr/include/util/delay_basic.h" 1
 630 01e4 0197      		1: sbiw r24,1
 631 01e6 01F4      		brne 1b
 632               	 ;  0 "" 2
 633               	/* #NOAPP */
 634               	.LBE479:
 635               	.LBE478:
 636               	.LBE477:
 637               	.LBE476:
 638               	.LBE475:
 639               	.LBE474:
 640               	.LM102:
 641 01e8 72BB      		out 50-32,r23
 642               	.LM103:
 643 01ea 38BA      		out 56-32,r3
 644               	.LBB480:
 645               	.LBB481:
 646               	.LBB482:
 647               	.LBB483:
 648               	.LBB484:
 649               	.LBB485:
 650               	.LM104:
 651 01ec CA01      		movw r24,r20
 652               	.LVL47:
 653               	/* #APP */
 654               	 ;  105 "c:/winavr-20100110/lib/gcc/../../avr/include/util/delay_basic.h" 1
 655 01ee 0197      		1: sbiw r24,1
 656 01f0 01F4      		brne 1b
 657               	 ;  0 "" 2
 658               	/* #NOAPP */
 659               	.LBE485:
 660               	.LBE484:
 661               	.LBE483:
 662               	.LBE482:
 663               	.LBE481:
 664               	.LBE480:
 665               	.LM105:
 666 01f2 62BB      		out 50-32,r22
 667               	.LM106:
 668 01f4 28BA      		out 56-32,r2
 669               	.LBB486:
 670               	.LBB487:
 671               	.LBB488:
 672               	.LBB489:
 673               	.LBB490:
 674               	.LBB491:
 675               	.LM107:
 676 01f6 CA01      		movw r24,r20
 677               	.LVL48:
 678               	/* #APP */
 679               	 ;  105 "c:/winavr-20100110/lib/gcc/../../avr/include/util/delay_basic.h" 1
 680 01f8 0197      		1: sbiw r24,1
 681 01fa 01F4      		brne 1b
 682               	 ;  0 "" 2
 683               	/* #NOAPP */
 684               	.LBE491:
 685               	.LBE490:
 686               	.LBE489:
 687               	.LBE488:
 688               	.LBE487:
 689               	.LBE486:
 690               	.LM108:
 691 01fc 2F5F      		subi r18,lo8(-(1))
 692 01fe 3F4F      		sbci r19,hi8(-(1))
 693 0200 8EE4      		ldi r24,hi8(20001)
 694 0202 2132      		cpi r18,lo8(20001)
 695 0204 3807      		cpc r19,r24
 696               	.LVL49:
 697 0206 01F4      		brne .L23
 698 0208 00C0      		rjmp .L70
 699               	.LVL50:
 700               	.L25:
 701               	.LM109:
 702 020a E2BA      		out 50-32,r14
 703               	.LM110:
 704 020c 08BB      		out 56-32,r16
 705               	.LBB492:
 706               	.LBB493:
 707               	.LBB494:
 708               	.LBB495:
 709               	.LBB496:
 710               	.LBB497:
 711               	.LM111:
 712 020e CA01      		movw r24,r20
 713               	.LVL51:
 714               	/* #APP */
 715               	 ;  105 "c:/winavr-20100110/lib/gcc/../../avr/include/util/delay_basic.h" 1
 716 0210 0197      		1: sbiw r24,1
 717 0212 01F4      		brne 1b
 718               	 ;  0 "" 2
 719               	/* #NOAPP */
 720               	.LBE497:
 721               	.LBE496:
 722               	.LBE495:
 723               	.LBE494:
 724               	.LBE493:
 725               	.LBE492:
 726               	.LM112:
 727 0214 02BB      		out 50-32,r16
 728               	.LM113:
 729 0216 18BB      		out 56-32,r17
 730               	.LBB498:
 731               	.LBB499:
 732               	.LBB500:
 733               	.LBB501:
 734               	.LBB502:
 735               	.LBB503:
 736               	.LM114:
 737 0218 CA01      		movw r24,r20
 738               	.LVL52:
 739               	/* #APP */
 740               	 ;  105 "c:/winavr-20100110/lib/gcc/../../avr/include/util/delay_basic.h" 1
 741 021a 0197      		1: sbiw r24,1
 742 021c 01F4      		brne 1b
 743               	 ;  0 "" 2
 744               	/* #NOAPP */
 745               	.LBE503:
 746               	.LBE502:
 747               	.LBE501:
 748               	.LBE500:
 749               	.LBE499:
 750               	.LBE498:
 751               	.LM115:
 752 021e E2BA      		out 50-32,r14
 753               	.LM116:
 754 0220 F8BA      		out 56-32,r15
 755               	.LBB504:
 756               	.LBB505:
 757               	.LBB506:
 758               	.LBB507:
 759               	.LBB508:
 760               	.LBB509:
 761               	.LM117:
 762 0222 CA01      		movw r24,r20
 763               	.LVL53:
 764               	/* #APP */
 765               	 ;  105 "c:/winavr-20100110/lib/gcc/../../avr/include/util/delay_basic.h" 1
 766 0224 0197      		1: sbiw r24,1
 767 0226 01F4      		brne 1b
 768               	 ;  0 "" 2
 769               	/* #NOAPP */
 770               	.LBE509:
 771               	.LBE508:
 772               	.LBE507:
 773               	.LBE506:
 774               	.LBE505:
 775               	.LBE504:
 776               	.LM118:
 777 0228 2F5F      		subi r18,lo8(-(1))
 778 022a 3F4F      		sbci r19,hi8(-(1))
 779 022c 81E0      		ldi r24,hi8(401)
 780 022e 2139      		cpi r18,lo8(401)
 781 0230 3807      		cpc r19,r24
 782               	.LVL54:
 783 0232 01F4      		brne .L25
 784 0234 20E0      		ldi r18,lo8(0)
 785 0236 30E0      		ldi r19,hi8(0)
 786               	.LVL55:
 787               	.L26:
 788               	.LM119:
 789 0238 D2BA      		out 50-32,r13
 790               	.LM120:
 791 023a C8BA      		out 56-32,r12
 792               	.LBB510:
 793               	.LBB511:
 794               	.LBB512:
 795               	.LBB513:
 796               	.LBB514:
 797               	.LBB515:
 798               	.LM121:
 799 023c CA01      		movw r24,r20
 800               	.LVL56:
 801               	/* #APP */
 802               	 ;  105 "c:/winavr-20100110/lib/gcc/../../avr/include/util/delay_basic.h" 1
 803 023e 0197      		1: sbiw r24,1
 804 0240 01F4      		brne 1b
 805               	 ;  0 "" 2
 806               	/* #NOAPP */
 807               	.LBE515:
 808               	.LBE514:
 809               	.LBE513:
 810               	.LBE512:
 811               	.LBE511:
 812               	.LBE510:
 813               	.LM122:
 814 0242 92BA      		out 50-32,r9
 815               	.LM123:
 816 0244 A8BA      		out 56-32,r10
 817               	.LBB516:
 818               	.LBB517:
 819               	.LBB518:
 820               	.LBB519:
 821               	.LBB520:
 822               	.LBB521:
 823               	.LM124:
 824 0246 CA01      		movw r24,r20
 825               	.LVL57:
 826               	/* #APP */
 827               	 ;  105 "c:/winavr-20100110/lib/gcc/../../avr/include/util/delay_basic.h" 1
 828 0248 0197      		1: sbiw r24,1
 829 024a 01F4      		brne 1b
 830               	 ;  0 "" 2
 831               	/* #NOAPP */
 832               	.LBE521:
 833               	.LBE520:
 834               	.LBE519:
 835               	.LBE518:
 836               	.LBE517:
 837               	.LBE516:
 838               	.LM125:
 839 024c D2BA      		out 50-32,r13
 840               	.LM126:
 841 024e B8BB      		out 56-32,r27
 842               	.LBB522:
 843               	.LBB523:
 844               	.LBB524:
 845               	.LBB525:
 846               	.LBB526:
 847               	.LBB527:
 848               	.LM127:
 849 0250 CA01      		movw r24,r20
 850               	.LVL58:
 851               	/* #APP */
 852               	 ;  105 "c:/winavr-20100110/lib/gcc/../../avr/include/util/delay_basic.h" 1
 853 0252 0197      		1: sbiw r24,1
 854 0254 01F4      		brne 1b
 855               	 ;  0 "" 2
 856               	/* #NOAPP */
 857               	.LBE527:
 858               	.LBE526:
 859               	.LBE525:
 860               	.LBE524:
 861               	.LBE523:
 862               	.LBE522:
 863               	.LM128:
 864 0256 2F5F      		subi r18,lo8(-(1))
 865 0258 3F4F      		sbci r19,hi8(-(1))
 866 025a 81E0      		ldi r24,hi8(401)
 867 025c 2139      		cpi r18,lo8(401)
 868 025e 3807      		cpc r19,r24
 869               	.LVL59:
 870 0260 01F4      		brne .L26
 871 0262 20E0      		ldi r18,lo8(0)
 872 0264 30E0      		ldi r19,hi8(0)
 873               	.LVL60:
 874               	.L27:
 875               	.LM129:
 876 0266 A2BB      		out 50-32,r26
 877               	.LM130:
 878 0268 08BB      		out 56-32,r16
 879               	.LBB528:
 880               	.LBB529:
 881               	.LBB530:
 882               	.LBB531:
 883               	.LBB532:
 884               	.LBB533:
 885               	.LM131:
 886 026a CA01      		movw r24,r20
 887               	.LVL61:
 888               	/* #APP */
 889               	 ;  105 "c:/winavr-20100110/lib/gcc/../../avr/include/util/delay_basic.h" 1
 890 026c 0197      		1: sbiw r24,1
 891 026e 01F4      		brne 1b
 892               	 ;  0 "" 2
 893               	/* #NOAPP */
 894               	.LBE533:
 895               	.LBE532:
 896               	.LBE531:
 897               	.LBE530:
 898               	.LBE529:
 899               	.LBE528:
 900               	.LM132:
 901 0270 82BA      		out 50-32,r8
 902               	.LM133:
 903 0272 18BB      		out 56-32,r17
 904               	.LBB534:
 905               	.LBB535:
 906               	.LBB536:
 907               	.LBB537:
 908               	.LBB538:
 909               	.LBB539:
 910               	.LM134:
 911 0274 CA01      		movw r24,r20
 912               	.LVL62:
 913               	/* #APP */
 914               	 ;  105 "c:/winavr-20100110/lib/gcc/../../avr/include/util/delay_basic.h" 1
 915 0276 0197      		1: sbiw r24,1
 916 0278 01F4      		brne 1b
 917               	 ;  0 "" 2
 918               	/* #NOAPP */
 919               	.LBE539:
 920               	.LBE538:
 921               	.LBE537:
 922               	.LBE536:
 923               	.LBE535:
 924               	.LBE534:
 925               	.LM135:
 926 027a A2BB      		out 50-32,r26
 927               	.LM136:
 928 027c F8BA      		out 56-32,r15
 929               	.LBB540:
 930               	.LBB541:
 931               	.LBB542:
 932               	.LBB543:
 933               	.LBB544:
 934               	.LBB545:
 935               	.LM137:
 936 027e CA01      		movw r24,r20
 937               	.LVL63:
 938               	/* #APP */
 939               	 ;  105 "c:/winavr-20100110/lib/gcc/../../avr/include/util/delay_basic.h" 1
 940 0280 0197      		1: sbiw r24,1
 941 0282 01F4      		brne 1b
 942               	 ;  0 "" 2
 943               	/* #NOAPP */
 944               	.LBE545:
 945               	.LBE544:
 946               	.LBE543:
 947               	.LBE542:
 948               	.LBE541:
 949               	.LBE540:
 950               	.LM138:
 951 0284 2F5F      		subi r18,lo8(-(1))
 952 0286 3F4F      		sbci r19,hi8(-(1))
 953 0288 83E0      		ldi r24,hi8(1001)
 954 028a 293E      		cpi r18,lo8(1001)
 955 028c 3807      		cpc r19,r24
 956               	.LVL64:
 957 028e 01F4      		brne .L27
 958 0290 20E0      		ldi r18,lo8(0)
 959 0292 30E0      		ldi r19,hi8(0)
 960               	.LVL65:
 961               	.LM139:
 962 0294 E8E0      		ldi r30,lo8(8)
 963               	.LVL66:
 964               	.L28:
 965               	.LM140:
 966 0296 E2BA      		out 50-32,r14
 967               	.LM141:
 968 0298 08BB      		out 56-32,r16
 969               	.LBB546:
 970               	.LBB547:
 971               	.LBB548:
 972               	.LBB549:
 973               	.LBB550:
 974               	.LBB551:
 975               	.LM142:
 976 029a CA01      		movw r24,r20
 977               	.LVL67:
 978               	/* #APP */
 979               	 ;  105 "c:/winavr-20100110/lib/gcc/../../avr/include/util/delay_basic.h" 1
 980 029c 0197      		1: sbiw r24,1
 981 029e 01F4      		brne 1b
 982               	 ;  0 "" 2
 983               	/* #NOAPP */
 984               	.LBE551:
 985               	.LBE550:
 986               	.LBE549:
 987               	.LBE548:
 988               	.LBE547:
 989               	.LBE546:
 990               	.LM143:
 991 02a0 E2BB      		out 50-32,r30
 992               	.LM144:
 993 02a2 18BB      		out 56-32,r17
 994               	.LBB552:
 995               	.LBB553:
 996               	.LBB554:
 997               	.LBB555:
 998               	.LBB556:
 999               	.LBB557:
 1000               	.LM145:
 1001 02a4 CA01      		movw r24,r20
 1002               	.LVL68:
 1003               	/* #APP */
 1004               	 ;  105 "c:/winavr-20100110/lib/gcc/../../avr/include/util/delay_basic.h" 1
 1005 02a6 0197      		1: sbiw r24,1
 1006 02a8 01F4      		brne 1b
 1007               	 ;  0 "" 2
 1008               	/* #NOAPP */
 1009               	.LBE557:
 1010               	.LBE556:
 1011               	.LBE555:
 1012               	.LBE554:
 1013               	.LBE553:
 1014               	.LBE552:
 1015               	.LM146:
 1016 02aa F8BA      		out 56-32,r15
 1017               	.LBB558:
 1018               	.LBB559:
 1019               	.LBB560:
 1020               	.LBB561:
 1021               	.LBB562:
 1022               	.LBB563:
 1023               	.LM147:
 1024 02ac CA01      		movw r24,r20
 1025               	.LVL69:
 1026               	/* #APP */
 1027               	 ;  105 "c:/winavr-20100110/lib/gcc/../../avr/include/util/delay_basic.h" 1
 1028 02ae 0197      		1: sbiw r24,1
 1029 02b0 01F4      		brne 1b
 1030               	 ;  0 "" 2
 1031               	/* #NOAPP */
 1032               	.LBE563:
 1033               	.LBE562:
 1034               	.LBE561:
 1035               	.LBE560:
 1036               	.LBE559:
 1037               	.LBE558:
 1038               	.LM148:
 1039 02b2 2F5F      		subi r18,lo8(-(1))
 1040 02b4 3F4F      		sbci r19,hi8(-(1))
 1041 02b6 81E0      		ldi r24,hi8(401)
 1042 02b8 2139      		cpi r18,lo8(401)
 1043 02ba 3807      		cpc r19,r24
 1044               	.LVL70:
 1045 02bc 01F4      		brne .L28
 1046 02be 20E0      		ldi r18,lo8(0)
 1047 02c0 30E0      		ldi r19,hi8(0)
 1048               	.LVL71:
 1049               	.L29:
 1050               	.LM149:
 1051 02c2 D2BA      		out 50-32,r13
 1052               	.LM150:
 1053 02c4 C8BA      		out 56-32,r12
 1054               	.LBB564:
 1055               	.LBB565:
 1056               	.LBB566:
 1057               	.LBB567:
 1058               	.LBB568:
 1059               	.LBB569:
 1060               	.LM151:
 1061 02c6 CA01      		movw r24,r20
 1062               	.LVL72:
 1063               	/* #APP */
 1064               	 ;  105 "c:/winavr-20100110/lib/gcc/../../avr/include/util/delay_basic.h" 1
 1065 02c8 0197      		1: sbiw r24,1
 1066 02ca 01F4      		brne 1b
 1067               	 ;  0 "" 2
 1068               	/* #NOAPP */
 1069               	.LBE569:
 1070               	.LBE568:
 1071               	.LBE567:
 1072               	.LBE566:
 1073               	.LBE565:
 1074               	.LBE564:
 1075               	.LM152:
 1076 02cc 12BA      		out 50-32,__zero_reg__
 1077               	.LM153:
 1078 02ce A8BA      		out 56-32,r10
 1079               	.LBB570:
 1080               	.LBB571:
 1081               	.LBB572:
 1082               	.LBB573:
 1083               	.LBB574:
 1084               	.LBB575:
 1085               	.LM154:
 1086 02d0 CA01      		movw r24,r20
 1087               	.LVL73:
 1088               	/* #APP */
 1089               	 ;  105 "c:/winavr-20100110/lib/gcc/../../avr/include/util/delay_basic.h" 1
 1090 02d2 0197      		1: sbiw r24,1
 1091 02d4 01F4      		brne 1b
 1092               	 ;  0 "" 2
 1093               	/* #NOAPP */
 1094               	.LBE575:
 1095               	.LBE574:
 1096               	.LBE573:
 1097               	.LBE572:
 1098               	.LBE571:
 1099               	.LBE570:
 1100               	.LM155:
 1101 02d6 B8BB      		out 56-32,r27
 1102               	.LBB576:
 1103               	.LBB577:
 1104               	.LBB578:
 1105               	.LBB579:
 1106               	.LBB580:
 1107               	.LBB581:
 1108               	.LM156:
 1109 02d8 CA01      		movw r24,r20
 1110               	.LVL74:
 1111               	/* #APP */
 1112               	 ;  105 "c:/winavr-20100110/lib/gcc/../../avr/include/util/delay_basic.h" 1
 1113 02da 0197      		1: sbiw r24,1
 1114 02dc 01F4      		brne 1b
 1115               	 ;  0 "" 2
 1116               	/* #NOAPP */
 1117               	.LBE581:
 1118               	.LBE580:
 1119               	.LBE579:
 1120               	.LBE578:
 1121               	.LBE577:
 1122               	.LBE576:
 1123               	.LM157:
 1124 02de 2F5F      		subi r18,lo8(-(1))
 1125 02e0 3F4F      		sbci r19,hi8(-(1))
 1126 02e2 81E0      		ldi r24,hi8(401)
 1127 02e4 2139      		cpi r18,lo8(401)
 1128 02e6 3807      		cpc r19,r24
 1129               	.LVL75:
 1130 02e8 01F4      		brne .L29
 1131 02ea 20E0      		ldi r18,lo8(0)
 1132 02ec 30E0      		ldi r19,hi8(0)
 1133               	.LVL76:
 1134               	.LM158:
 1135 02ee E0E8      		ldi r30,lo8(-128)
 1136               	.L30:
 1137               	.LM159:
 1138 02f0 A2BB      		out 50-32,r26
 1139               	.LM160:
 1140 02f2 08BB      		out 56-32,r16
 1141               	.LBB582:
 1142               	.LBB583:
 1143               	.LBB584:
 1144               	.LBB585:
 1145               	.LBB586:
 1146               	.LBB587:
 1147               	.LM161:
 1148 02f4 CA01      		movw r24,r20
 1149               	.LVL77:
 1150               	/* #APP */
 1151               	 ;  105 "c:/winavr-20100110/lib/gcc/../../avr/include/util/delay_basic.h" 1
 1152 02f6 0197      		1: sbiw r24,1
 1153 02f8 01F4      		brne 1b
 1154               	 ;  0 "" 2
 1155               	/* #NOAPP */
 1156               	.LBE587:
 1157               	.LBE586:
 1158               	.LBE585:
 1159               	.LBE584:
 1160               	.LBE583:
 1161               	.LBE582:
 1162               	.LM162:
 1163 02fa E2BB      		out 50-32,r30
 1164               	.LM163:
 1165 02fc 18BB      		out 56-32,r17
 1166               	.LBB588:
 1167               	.LBB589:
 1168               	.LBB590:
 1169               	.LBB591:
 1170               	.LBB592:
 1171               	.LBB593:
 1172               	.LM164:
 1173 02fe CA01      		movw r24,r20
 1174               	.LVL78:
 1175               	/* #APP */
 1176               	 ;  105 "c:/winavr-20100110/lib/gcc/../../avr/include/util/delay_basic.h" 1
 1177 0300 0197      		1: sbiw r24,1
 1178 0302 01F4      		brne 1b
 1179               	 ;  0 "" 2
 1180               	/* #NOAPP */
 1181               	.LBE593:
 1182               	.LBE592:
 1183               	.LBE591:
 1184               	.LBE590:
 1185               	.LBE589:
 1186               	.LBE588:
 1187               	.LM165:
 1188 0304 F8BA      		out 56-32,r15
 1189               	.LBB594:
 1190               	.LBB595:
 1191               	.LBB596:
 1192               	.LBB597:
 1193               	.LBB598:
 1194               	.LBB599:
 1195               	.LM166:
 1196 0306 CA01      		movw r24,r20
 1197               	.LVL79:
 1198               	/* #APP */
 1199               	 ;  105 "c:/winavr-20100110/lib/gcc/../../avr/include/util/delay_basic.h" 1
 1200 0308 0197      		1: sbiw r24,1
 1201 030a 01F4      		brne 1b
 1202               	 ;  0 "" 2
 1203               	/* #NOAPP */
 1204               	.LBE599:
 1205               	.LBE598:
 1206               	.LBE597:
 1207               	.LBE596:
 1208               	.LBE595:
 1209               	.LBE594:
 1210               	.LM167:
 1211 030c 2F5F      		subi r18,lo8(-(1))
 1212 030e 3F4F      		sbci r19,hi8(-(1))
 1213 0310 83E0      		ldi r24,hi8(1001)
 1214 0312 293E      		cpi r18,lo8(1001)
 1215 0314 3807      		cpc r19,r24
 1216               	.LVL80:
 1217 0316 01F4      		brne .L30
 1218 0318 20E0      		ldi r18,lo8(0)
 1219 031a 30E0      		ldi r19,hi8(0)
 1220               	.LVL81:
 1221               	.LM168:
 1222 031c E4E0      		ldi r30,lo8(4)
 1223               	.L31:
 1224               	.LM169:
 1225 031e E2BA      		out 50-32,r14
 1226               	.LM170:
 1227 0320 08BB      		out 56-32,r16
 1228               	.LBB600:
 1229               	.LBB601:
 1230               	.LBB602:
 1231               	.LBB603:
 1232               	.LBB604:
 1233               	.LBB605:
 1234               	.LM171:
 1235 0322 CA01      		movw r24,r20
 1236               	.LVL82:
 1237               	/* #APP */
 1238               	 ;  105 "c:/winavr-20100110/lib/gcc/../../avr/include/util/delay_basic.h" 1
 1239 0324 0197      		1: sbiw r24,1
 1240 0326 01F4      		brne 1b
 1241               	 ;  0 "" 2
 1242               	/* #NOAPP */
 1243               	.LBE605:
 1244               	.LBE604:
 1245               	.LBE603:
 1246               	.LBE602:
 1247               	.LBE601:
 1248               	.LBE600:
 1249               	.LM172:
 1250 0328 E2BB      		out 50-32,r30
 1251               	.LM173:
 1252 032a 18BB      		out 56-32,r17
 1253               	.LBB606:
 1254               	.LBB607:
 1255               	.LBB608:
 1256               	.LBB609:
 1257               	.LBB610:
 1258               	.LBB611:
 1259               	.LM174:
 1260 032c CA01      		movw r24,r20
 1261               	.LVL83:
 1262               	/* #APP */
 1263               	 ;  105 "c:/winavr-20100110/lib/gcc/../../avr/include/util/delay_basic.h" 1
 1264 032e 0197      		1: sbiw r24,1
 1265 0330 01F4      		brne 1b
 1266               	 ;  0 "" 2
 1267               	/* #NOAPP */
 1268               	.LBE611:
 1269               	.LBE610:
 1270               	.LBE609:
 1271               	.LBE608:
 1272               	.LBE607:
 1273               	.LBE606:
 1274               	.LM175:
 1275 0332 E2BA      		out 50-32,r14
 1276               	.LM176:
 1277 0334 F8BA      		out 56-32,r15
 1278               	.LBB612:
 1279               	.LBB613:
 1280               	.LBB614:
 1281               	.LBB615:
 1282               	.LBB616:
 1283               	.LBB617:
 1284               	.LM177:
 1285 0336 CA01      		movw r24,r20
 1286               	.LVL84:
 1287               	/* #APP */
 1288               	 ;  105 "c:/winavr-20100110/lib/gcc/../../avr/include/util/delay_basic.h" 1
 1289 0338 0197      		1: sbiw r24,1
 1290 033a 01F4      		brne 1b
 1291               	 ;  0 "" 2
 1292               	/* #NOAPP */
 1293               	.LBE617:
 1294               	.LBE616:
 1295               	.LBE615:
 1296               	.LBE614:
 1297               	.LBE613:
 1298               	.LBE612:
 1299               	.LM178:
 1300 033c 2F5F      		subi r18,lo8(-(1))
 1301 033e 3F4F      		sbci r19,hi8(-(1))
 1302 0340 81E0      		ldi r24,hi8(401)
 1303 0342 2139      		cpi r18,lo8(401)
 1304 0344 3807      		cpc r19,r24
 1305               	.LVL85:
 1306 0346 01F4      		brne .L31
 1307 0348 20E0      		ldi r18,lo8(0)
 1308 034a 30E0      		ldi r19,hi8(0)
 1309               	.LVL86:
 1310               	.L32:
 1311               	.LM179:
 1312 034c D2BA      		out 50-32,r13
 1313               	.LM180:
 1314 034e C8BA      		out 56-32,r12
 1315               	.LBB618:
 1316               	.LBB619:
 1317               	.LBB620:
 1318               	.LBB621:
 1319               	.LBB622:
 1320               	.LBB623:
 1321               	.LM181:
 1322 0350 CA01      		movw r24,r20
 1323               	.LVL87:
 1324               	/* #APP */
 1325               	 ;  105 "c:/winavr-20100110/lib/gcc/../../avr/include/util/delay_basic.h" 1
 1326 0352 0197      		1: sbiw r24,1
 1327 0354 01F4      		brne 1b
 1328               	 ;  0 "" 2
 1329               	/* #NOAPP */
 1330               	.LBE623:
 1331               	.LBE622:
 1332               	.LBE621:
 1333               	.LBE620:
 1334               	.LBE619:
 1335               	.LBE618:
 1336               	.LM182:
 1337 0356 92BA      		out 50-32,r9
 1338               	.LM183:
 1339 0358 18BB      		out 56-32,r17
 1340               	.LBB624:
 1341               	.LBB625:
 1342               	.LBB626:
 1343               	.LBB627:
 1344               	.LBB628:
 1345               	.LBB629:
 1346               	.LM184:
 1347 035a CA01      		movw r24,r20
 1348               	.LVL88:
 1349               	/* #APP */
 1350               	 ;  105 "c:/winavr-20100110/lib/gcc/../../avr/include/util/delay_basic.h" 1
 1351 035c 0197      		1: sbiw r24,1
 1352 035e 01F4      		brne 1b
 1353               	 ;  0 "" 2
 1354               	/* #NOAPP */
 1355               	.LBE629:
 1356               	.LBE628:
 1357               	.LBE627:
 1358               	.LBE626:
 1359               	.LBE625:
 1360               	.LBE624:
 1361               	.LM185:
 1362 0360 D2BA      		out 50-32,r13
 1363               	.LM186:
 1364 0362 B8BB      		out 56-32,r27
 1365               	.LBB630:
 1366               	.LBB631:
 1367               	.LBB632:
 1368               	.LBB633:
 1369               	.LBB634:
 1370               	.LBB635:
 1371               	.LM187:
 1372 0364 CA01      		movw r24,r20
 1373               	.LVL89:
 1374               	/* #APP */
 1375               	 ;  105 "c:/winavr-20100110/lib/gcc/../../avr/include/util/delay_basic.h" 1
 1376 0366 0197      		1: sbiw r24,1
 1377 0368 01F4      		brne 1b
 1378               	 ;  0 "" 2
 1379               	/* #NOAPP */
 1380               	.LBE635:
 1381               	.LBE634:
 1382               	.LBE633:
 1383               	.LBE632:
 1384               	.LBE631:
 1385               	.LBE630:
 1386               	.LM188:
 1387 036a 2F5F      		subi r18,lo8(-(1))
 1388 036c 3F4F      		sbci r19,hi8(-(1))
 1389 036e 81E0      		ldi r24,hi8(401)
 1390 0370 2139      		cpi r18,lo8(401)
 1391 0372 3807      		cpc r19,r24
 1392               	.LVL90:
 1393 0374 01F4      		brne .L32
 1394 0376 20E0      		ldi r18,lo8(0)
 1395 0378 30E0      		ldi r19,hi8(0)
 1396               	.LVL91:
 1397               	.LM189:
 1398 037a F1E0      		ldi r31,lo8(1)
 1399               	.LM190:
 1400 037c EEE0      		ldi r30,lo8(14)
 1401               	.L33:
 1402               	.LM191:
 1403 037e A2BB      		out 50-32,r26
 1404               	.LM192:
 1405 0380 08BB      		out 56-32,r16
 1406               	.LBB636:
 1407               	.LBB637:
 1408               	.LBB638:
 1409               	.LBB639:
 1410               	.LBB640:
 1411               	.LBB641:
 1412               	.LM193:
 1413 0382 CA01      		movw r24,r20
 1414               	.LVL92:
 1415               	/* #APP */
 1416               	 ;  105 "c:/winavr-20100110/lib/gcc/../../avr/include/util/delay_basic.h" 1
 1417 0384 0197      		1: sbiw r24,1
 1418 0386 01F4      		brne 1b
 1419               	 ;  0 "" 2
 1420               	/* #NOAPP */
 1421               	.LBE641:
 1422               	.LBE640:
 1423               	.LBE639:
 1424               	.LBE638:
 1425               	.LBE637:
 1426               	.LBE636:
 1427               	.LM194:
 1428 0388 F2BB      		out 50-32,r31
 1429               	.LM195:
 1430 038a 18BB      		out 56-32,r17
 1431               	.LBB642:
 1432               	.LBB643:
 1433               	.LBB644:
 1434               	.LBB645:
 1435               	.LBB646:
 1436               	.LBB647:
 1437               	.LM196:
 1438 038c CA01      		movw r24,r20
 1439               	.LVL93:
 1440               	/* #APP */
 1441               	 ;  105 "c:/winavr-20100110/lib/gcc/../../avr/include/util/delay_basic.h" 1
 1442 038e 0197      		1: sbiw r24,1
 1443 0390 01F4      		brne 1b
 1444               	 ;  0 "" 2
 1445               	/* #NOAPP */
 1446               	.LBE647:
 1447               	.LBE646:
 1448               	.LBE645:
 1449               	.LBE644:
 1450               	.LBE643:
 1451               	.LBE642:
 1452               	.LM197:
 1453 0392 A2BB      		out 50-32,r26
 1454               	.LM198:
 1455 0394 F8BA      		out 56-32,r15
 1456               	.LBB648:
 1457               	.LBB649:
 1458               	.LBB650:
 1459               	.LBB651:
 1460               	.LBB652:
 1461               	.LBB653:
 1462               	.LM199:
 1463 0396 CA01      		movw r24,r20
 1464               	.LVL94:
 1465               	/* #APP */
 1466               	 ;  105 "c:/winavr-20100110/lib/gcc/../../avr/include/util/delay_basic.h" 1
 1467 0398 0197      		1: sbiw r24,1
 1468 039a 01F4      		brne 1b
 1469               	 ;  0 "" 2
 1470               	/* #NOAPP */
 1471               	.LBE653:
 1472               	.LBE652:
 1473               	.LBE651:
 1474               	.LBE650:
 1475               	.LBE649:
 1476               	.LBE648:
 1477               	.LM200:
 1478 039c E8BB      		out 56-32,r30
 1479               	.LM201:
 1480 039e 2F5F      		subi r18,lo8(-(1))
 1481 03a0 3F4F      		sbci r19,hi8(-(1))
 1482 03a2 83E0      		ldi r24,hi8(1001)
 1483 03a4 293E      		cpi r18,lo8(1001)
 1484 03a6 3807      		cpc r19,r24
 1485               	.LVL95:
 1486 03a8 01F4      		brne .L33
 1487 03aa 88E8      		ldi r24,lo8(5000)
 1488 03ac 93E1      		ldi r25,hi8(5000)
 1489               	.LVL96:
 1490               	.L34:
 1491               	.LBB654:
 1492               	.LBB655:
 1493               	.LBB656:
 1494               	.LBB657:
 1495               	.LM202:
 1496 03ae FA01      		movw r30,r20
 1497               	.LVL97:
 1498               	/* #APP */
 1499               	 ;  105 "c:/winavr-20100110/lib/gcc/../../avr/include/util/delay_basic.h" 1
 1500 03b0 3197      		1: sbiw r30,1
 1501 03b2 01F4      		brne 1b
 1502               	 ;  0 "" 2
 1503               	/* #NOAPP */
 1504               	.LBE657:
 1505               	.LBE656:
 1506               	.LM203:
 1507 03b4 0197      		sbiw r24,1
 1508               	.LM204:
 1509 03b6 01F4      		brne .L34
 1510               	.LBE655:
 1511               	.LBE654:
 1512               	.LM205:
 1513 03b8 6F5F      		subi r22,lo8(-(1))
 1514 03ba 7F4F      		sbci r23,hi8(-(1))
 1515 03bc 6630      		cpi r22,6
 1516 03be 7105      		cpc r23,__zero_reg__
 1517 03c0 01F4      		brne .L35
 1518 03c2 20E0      		ldi r18,lo8(0)
 1519 03c4 30E0      		ldi r19,hi8(0)
 1520               	.LVL98:
 1521 03c6 00C0      		rjmp .L68
 1522               	.LVL99:
 1523               	.L70:
 1524 03c8 60E0      		ldi r22,lo8(0)
 1525 03ca 70E0      		ldi r23,hi8(0)
 1526               	.LVL100:
 1527               	.LM206:
 1528 03cc 22E0      		ldi r18,lo8(2)
 1529 03ce 922E      		mov r9,r18
 1530               	.LVL101:
 1531               	.LM207:
 1532 03d0 9BE0      		ldi r25,lo8(11)
 1533 03d2 A92E      		mov r10,r25
 1534               	.LM208:
 1535 03d4 B7E0      		ldi r27,lo8(7)
 1536               	.LM209:
 1537 03d6 A1EC      		ldi r26,lo8(-63)
 1538               	.LM210:
 1539 03d8 81E8      		ldi r24,lo8(-127)
 1540 03da 882E      		mov r8,r24
 1541               	.LVL102:
 1542               	.L35:
 1543               	.LM211:
 1544 03dc 20E0      		ldi r18,lo8(0)
 1545 03de 30E0      		ldi r19,hi8(0)
 1546               	.LVL103:
 1547 03e0 00C0      		rjmp .L25
 1548               	.LFE6:
 1550               		.data
 1553               	C.0.1295:
 1554 0000 8300      		.word	131
 1555 0002 5400      		.word	84
 1556 0004 7000      		.word	112
 1557 0006 6900      		.word	105
 1558 0008 3600      		.word	54
 1559 000a 2800      		.word	40
 1560 000c 0700      		.word	7
 1561 000e 3400      		.word	52
 1562 0010 6700      		.word	103
 1563 0012 2900      		.word	41
 1564 0014 8400      		.word	132
 1565 0016 4300      		.word	67
 1566 0018 1000      		.word	16
 1567 001a 3300      		.word	51
 1568 001c 5400      		.word	84
 1569 001e 4500      		.word	69
 1594               	.Letext0:
DEFINED SYMBOLS
                            *ABS*:00000000 main.c
C:\Users\Delta\AppData\Local\Temp/ccUY1UPe.s:2      *ABS*:0000003f __SREG__
C:\Users\Delta\AppData\Local\Temp/ccUY1UPe.s:3      *ABS*:0000003e __SP_H__
C:\Users\Delta\AppData\Local\Temp/ccUY1UPe.s:4      *ABS*:0000003d __SP_L__
C:\Users\Delta\AppData\Local\Temp/ccUY1UPe.s:5      *ABS*:00000034 __CCP__
C:\Users\Delta\AppData\Local\Temp/ccUY1UPe.s:6      *ABS*:00000000 __tmp_reg__
C:\Users\Delta\AppData\Local\Temp/ccUY1UPe.s:7      *ABS*:00000001 __zero_reg__
C:\Users\Delta\AppData\Local\Temp/ccUY1UPe.s:18     .text:00000000 main
C:\Users\Delta\AppData\Local\Temp/ccUY1UPe.s:1553   .data:00000000 C.0.1295

UNDEFINED SYMBOLS
__do_copy_data
